init
CYC: 142569
STALL: 35789
BUN: 71197
SYL: 142396
NOP: 16
IACC: 106795
IMISS: 37
DRACC: 0
DRMISS: 0
DWACC: 35598
DWMISS: 35599

matrix Test Passed
matrix
CYC: 3244573
STALL: 2141698
BUN: 1029465
SYL: 2058930
NOP: 36811
IACC: 1102883
IMISS: 428
DRACC: 410396
DRMISS: 294753
DWACC: 167180
DWMISS: 35800

Convolution 7x7 Finished
convolution_7x7
CYC: 6706568
STALL: 2259778
BUN: 4295163
SYL: 8590326
NOP: 331853
IACC: 4446798
IMISS: 564
DRACC: 764205
DRMISS: 311588
DWACC: 175242
DWMISS: 43498

jpeg: success
jpeg
CYC: 9573427
STALL: 3157074
BUN: 6111102
SYL: 12222204
NOP: 1242040
IACC: 6416361
IMISS: 1075
DRACC: 1140321
DRMISS: 372005
DWACC: 423142
DWMISS: 64634

Greyscale Finished
greyscale
CYC: 9666324
STALL: 3203796
BUN: 6155393
SYL: 12310786
NOP: 1250750
IACC: 6462536
IMISS: 1146
DRACC: 1145052
DRMISS: 376138
DWACC: 431927
DWMISS: 73061

