init
CYC: 203177
STALL: 120977
BUN: 54813
SYL: 109628
NOP: 16
IACC: 82219
IMISS: 37
DRACC: 0
DRMISS: 0
DWACC: 27406
DWMISS: 27407

matrix Test Passed
matrix
CYC: 3309073
STALL: 2230774
BUN: 1013081
SYL: 2026162
NOP: 36811
IACC: 1078307
IMISS: 428
DRACC: 410396
DRMISS: 294753
DWACC: 158988
DWMISS: 27637

Convolution 7x7 Finished
convolution_7x7
CYC: 6771068
STALL: 2348854
BUN: 4278779
SYL: 8557558
NOP: 331853
IACC: 4422222
IMISS: 564
DRACC: 764205
DRMISS: 311588
DWACC: 167050
DWMISS: 35335

jpeg: success
jpeg
CYC: 9638239
STALL: 3246462
BUN: 6094718
SYL: 12189436
NOP: 1242040
IACC: 6391785
IMISS: 1075
DRACC: 1140321
DRMISS: 372022
DWACC: 414950
DWMISS: 56491

