init
CYC: 243676
STALL: 149189
BUN: 63005
SYL: 126012
NOP: 16
IACC: 94507
IMISS: 37
DRACC: 0
DRMISS: 0
DWACC: 31502
DWMISS: 31503

Convolution 7x7 Finished
convolution_7x7
CYC: 3779096
STALL: 341221
BUN: 3328194
SYL: 6656388
NOP: 294979
IACC: 3437883
IMISS: 465
DRACC: 353778
DRMISS: 16836
DWACC: 39491
DWMISS: 39235

Greyscale Finished
greyscale
CYC: 3872015
STALL: 387995
BUN: 3372460
SYL: 6744920
NOP: 303746
IACC: 3484028
IMISS: 538
DRACC: 358534
DRMISS: 20971
DWACC: 48288
DWMISS: 47667

jpeg: success
jpeg
CYC: 6738787
STALL: 1285328
BUN: 5188279
SYL: 10376558
NOP: 1213882
IACC: 5453467
IMISS: 1049
DRACC: 734629
DRMISS: 81401
DWACC: 296161
DWMISS: 68794

