Configuring FPGA...
Configuration upload complete.
Autodetecting core configuration...
Communication error or no cores found.
FPGA not responding. Retrying...
Configuring FPGA...
Configuration upload complete.
Autodetecting core configuration...
 - found 2-issue core with 1 contexts at 0xD0000000.
 - found 2-issue core with 1 contexts at 0xD0100000.
 - found 2-issue core with 1 contexts at 0xD0200000.
Detected 3 physical cores, 3 virtual cores (contexts).

===============================================================================
Resetting platform for run 1...
Uploading software...
Upload complete.
Running program...
Run complete.
Dumping application log to run1-core0.log...
Dumping application log to run1-core1.log...
Dumping application log to run1-core2.log...
Cycle count: 6290615
Dynamic energy: 6.55 mJ

===============================================================================
Resetting platform for run 2...
Uploading software...
Upload complete.
Running program...
Run complete.
Dumping application log to run2-core0.log...
Dumping application log to run2-core1.log...
Dumping application log to run2-core2.log...
Cycle count: 6290794
Dynamic energy: 6.05 mJ

===============================================================================
Resetting platform for run 3...
Uploading software...
Upload complete.
Running program...
Run complete.
Dumping application log to run3-core0.log...
Dumping application log to run3-core1.log...
Dumping application log to run3-core2.log...
Cycle count: 6290481
Dynamic energy: 6.65 mJ

===============================================================================
Average performance:

Cycle count: 6290630 cycles
Dynamic energy: 6.41 mJ
