init
CYC: 171517
STALL: 77036
BUN: 62999
SYL: 126000
NOP: 16
IACC: 94498
IMISS: 37
DRACC: 0
DRMISS: 0
DWACC: 31499
DWMISS: 31500

matrix Test Passed
matrix
CYC: 3354441
STALL: 2263884
BUN: 1021247
SYL: 2042494
NOP: 36808
IACC: 1090565
IMISS: 428
DRACC: 410395
DRMISS: 294763
DWACC: 163078
DWMISS: 31703

Greyscale Finished
greyscale
CYC: 3448416
STALL: 2311765
BUN: 1065461
SYL: 2130922
NOP: 45518
IACC: 1136659
IMISS: 501
DRACC: 415126
DRMISS: 298901
DWACC: 171854
DWMISS: 40129

jpeg: success
jpeg
CYC: 6317430
STALL: 3211299
BUN: 2881319
SYL: 5762638
NOP: 955660
IACC: 3106139
IMISS: 1012
DRACC: 791223
DRMISS: 359370
DWACC: 419733
DWMISS: 61164

