Configuring FPGA...
Configuration upload complete.
Autodetecting core configuration...
 - found 2-issue core with 1 contexts at 0xD0000000.
 - found 2-issue core with 1 contexts at 0xD0100000.
Detected 2 physical cores, 2 virtual cores (contexts).

===============================================================================
Resetting platform for run 1...
Uploading software...
Upload complete.
Running program...
Run complete.
Dumping application log to run1-core0.log...
Dumping application log to run1-core1.log...
Cycle count: 6592021
Dynamic energy: 6.79 mJ

===============================================================================
Resetting platform for run 2...
Uploading software...
Upload complete.
Running program...
Run complete.
Dumping application log to run2-core0.log...
Dumping application log to run2-core1.log...
Cycle count: 6592056
Dynamic energy: 8.67 mJ

===============================================================================
Resetting platform for run 3...
Uploading software...
Upload complete.
Running program...
Run complete.
Dumping application log to run3-core0.log...
Dumping application log to run3-core1.log...
Cycle count: 6592077
Dynamic energy: 10.20 mJ

===============================================================================
Average performance:

Cycle count: 6592051 cycles
Dynamic energy: 8.55 mJ
