Configuring FPGA...
Configuration upload complete.
Autodetecting core configuration...
 - found 2-issue core with 1 contexts at 0xD0000000.
 - found 2-issue core with 1 contexts at 0xD0100000.
 - found 2-issue core with 1 contexts at 0xD0200000.
Detected 3 physical cores, 3 virtual cores (contexts).

===============================================================================
Resetting platform for run 1...
Uploading software...
Upload complete.
Running program...
Run complete.
Dumping application log to run1-core0.log...
Dumping application log to run1-core1.log...
Dumping application log to run1-core2.log...
Cycle count: 4434858
Dynamic energy: 9.76 mJ

===============================================================================
Resetting platform for run 2...
Uploading software...
Upload complete.
Running program...
Run complete.
Dumping application log to run2-core0.log...
Dumping application log to run2-core1.log...
Dumping application log to run2-core2.log...
Cycle count: 4434894
Dynamic energy: 12.09 mJ

===============================================================================
Resetting platform for run 3...
Uploading software...
Upload complete.
Running program...
Run complete.
Dumping application log to run3-core0.log...
Dumping application log to run3-core1.log...
Dumping application log to run3-core2.log...
Cycle count: 4434847
Dynamic energy: 12.77 mJ

===============================================================================
Average performance:

Cycle count: 4434866 cycles
Dynamic energy: 11.54 mJ
