init
CYC: 131472
STALL: 82296
BUN: 32797
SYL: 65596
NOP: 16
IACC: 49195
IMISS: 37
DRACC: 0
DRMISS: 0
DWACC: 16398
DWMISS: 16399

matrix Test Passed
matrix
CYC: 4228697
STALL: 3183464
BUN: 991025
SYL: 1982050
NOP: 36805
IACC: 1045241
IMISS: 428
DRACC: 410394
DRMISS: 294753
DWACC: 147974
DWMISS: 16638

Convolution 7x7 Finished
convolution_7x7
CYC: 7709392
STALL: 3320264
BUN: 4256704
SYL: 8513408
NOP: 331844
IACC: 4389136
IMISS: 564
DRACC: 764202
DRMISS: 314718
DWACC: 156033
DWMISS: 24334

Greyscale Finished
greyscale
CYC: 7802369
STALL: 3367034
BUN: 4301029
SYL: 8602058
NOP: 340620
IACC: 4435343
IMISS: 633
DRACC: 768961
DRMISS: 318853
DWACC: 164839
DWMISS: 32770

