Configuring FPGA...
Configuration upload complete.
Autodetecting core configuration...
 - found 2-issue core with 1 contexts at 0xD0000000.
 - found 2-issue core with 1 contexts at 0xD0100000.
 - found 2-issue core with 1 contexts at 0xD0200000.
 - found 2-issue core with 1 contexts at 0xD0300000.
Detected 4 physical cores, 4 virtual cores (contexts).

===============================================================================
Resetting platform for run 1...
Uploading software...
Upload complete.
Running program...
Run complete.
Dumping application log to run1-core0.log...
Dumping application log to run1-core1.log...
Dumping application log to run1-core2.log...
Dumping application log to run1-core3.log...
Cycle count: 4441837
Dynamic energy: 14.17 mJ

===============================================================================
Resetting platform for run 2...
Uploading software...
Upload complete.
Running program...
Run complete.
Dumping application log to run2-core0.log...
Dumping application log to run2-core1.log...
Dumping application log to run2-core2.log...
Dumping application log to run2-core3.log...
Cycle count: 4442830
Dynamic energy: 14.81 mJ

===============================================================================
Resetting platform for run 3...
Uploading software...
Upload complete.
Running program...
Run complete.
Dumping application log to run3-core0.log...
Dumping application log to run3-core1.log...
Dumping application log to run3-core2.log...
Dumping application log to run3-core3.log...
Cycle count: 4442313
Dynamic energy: 14.26 mJ

===============================================================================
Average performance:

Cycle count: 4442326 cycles
Dynamic energy: 14.41 mJ
