Configuring FPGA...
Configuration upload complete.
Autodetecting core configuration...
 - found 2-issue core with 1 contexts at 0xD0000000.
 - found 2-issue core with 1 contexts at 0xD0100000.
Detected 2 physical cores, 2 virtual cores (contexts).

===============================================================================
Resetting platform for run 1...
Uploading software...
Upload complete.
Running program...
Run complete.
Dumping application log to run1-core0.log...
Dumping application log to run1-core1.log...
Cycle count: 7739289
Dynamic energy: 7.27 mJ

===============================================================================
Resetting platform for run 2...
Uploading software...
Upload complete.
Running program...
Run complete.
Dumping application log to run2-core0.log...
Dumping application log to run2-core1.log...
Cycle count: 7739291
Dynamic energy: 9.37 mJ

===============================================================================
Resetting platform for run 3...
Uploading software...
Upload complete.
Running program...
Run complete.
Dumping application log to run3-core0.log...
Dumping application log to run3-core1.log...
Cycle count: 7739269
Dynamic energy: 11.59 mJ

===============================================================================
Average performance:

Cycle count: 7739283 cycles
Dynamic energy: 9.41 mJ
