Configuring FPGA...
Configuration upload complete.
Autodetecting core configuration...
 - found 2-issue core with 1 contexts at 0xD0000000.
 - found 2-issue core with 1 contexts at 0xD0100000.
 - found 2-issue core with 1 contexts at 0xD0200000.
Detected 3 physical cores, 3 virtual cores (contexts).

===============================================================================
Resetting platform for run 1...
Uploading software...
Upload complete.
Running program...
Run complete.
Dumping application log to run1-core0.log...
Dumping application log to run1-core1.log...
Dumping application log to run1-core2.log...
Cycle count: 6714443
Dynamic energy: 9.25 mJ

===============================================================================
Resetting platform for run 2...
Uploading software...
Upload complete.
Running program...
Run complete.
Dumping application log to run2-core0.log...
Dumping application log to run2-core1.log...
Dumping application log to run2-core2.log...
Cycle count: 6714247
Dynamic energy: 11.82 mJ

===============================================================================
Resetting platform for run 3...
Uploading software...
Upload complete.
Running program...
Run complete.
Dumping application log to run3-core0.log...
Dumping application log to run3-core1.log...
Dumping application log to run3-core2.log...
Cycle count: 6714335
Dynamic energy: 13.79 mJ

===============================================================================
Average performance:

Cycle count: 6714341 cycles
Dynamic energy: 11.62 mJ
